<?xml version="1.0" encoding="UTF-8"?>
<!-- Generated by org.testng.reporters.JUnitReportReporter -->
<testsuite hostname="H5731.ad.hugeinc.com" name="runners.MainRunner" tests="2" failures="0" timestamp="4 Jun 2019 19:06:16 GMT" time="21.778" errors="0">
  <testcase name="feature" time="9.963" classname="runners.MainRunner"/>
  <testcase name="feature" time="11.815" classname="runners.MainRunner"/>
</testsuite> <!-- runners.MainRunner -->
