<?xml version="1.0" encoding="UTF-8"?>
<!-- Generated by org.testng.reporters.JUnitReportReporter -->
<testsuite hostname="H5731.ad.hugeinc.com" name="runners.MainRunner" tests="2" failures="0" timestamp="4 Jun 2019 20:01:31 GMT" time="17.372" errors="0">
  <testcase name="feature" time="9.114" classname="runners.MainRunner"/>
  <testcase name="feature" time="8.258" classname="runners.MainRunner"/>
</testsuite> <!-- runners.MainRunner -->
