<?xml version="1.0" encoding="UTF-8"?>
<!-- Generated by org.testng.reporters.JUnitReportReporter -->
<testsuite hostname="H5731.ad.hugeinc.com" name="runners.MainRunner" tests="2" failures="0" timestamp="4 Jun 2019 18:46:52 GMT" time="17.006" errors="0">
  <testcase name="feature" time="8.052" classname="runners.MainRunner"/>
  <testcase name="feature" time="8.954" classname="runners.MainRunner"/>
</testsuite> <!-- runners.MainRunner -->
