<?xml version="1.0" encoding="UTF-8"?>
<!-- Generated by org.testng.reporters.JUnitReportReporter -->
<testsuite hostname="H5731.ad.hugeinc.com" name="runners.MainRunner" tests="2" failures="0" timestamp="4 Jun 2019 19:50:57 GMT" time="37.960" errors="0">
  <testcase name="feature" time="18.063" classname="runners.MainRunner"/>
  <testcase name="feature" time="19.897" classname="runners.MainRunner"/>
</testsuite> <!-- runners.MainRunner -->
